make all --print-data-base --no-builtin-variables --no-builtin-rules --question
make: *** No rule to make target 'all'.  Stop.

# GNU Make 4.2.1
# Built for x86_64-pc-linux-gnu
# Copyright (C) 1988-2016 Free Software Foundation, Inc.
# License GPLv3+: GNU GPL version 3 or later <http://gnu.org/licenses/gpl.html>
# This is free software: you are free to change and redistribute it.
# There is NO WARRANTY, to the extent permitted by law.

# Make data base, printed on Sat Jul 23 00:20:37 2022

# Variables

# 'override' directive
GNUMAKEFLAGS := 
# automatic
<D = $(patsubst %/,%,$(dir $<))
# automatic
?F = $(notdir $?)
# environment
DESKTOP_SESSION = ubuntu
# default
.SHELLFLAGS := -c
# environment
LANG\tDEFAULT = zh_CN.UTF-8
# environment
XDG_SESSION_CLASS = user
# environment
XDG_SESSION_TYPE = x11
# environment
VSCODE_LOG_NATIVE = false
# automatic
?D = $(patsubst %/,%,$(dir $?))
# environment
SESSION_MANAGER = local/host-virtual-machine:@/tmp/.ICE-unix/2244,unix/host-virtual-machine:/tmp/.ICE-unix/2244
# automatic
@D = $(patsubst %/,%,$(dir $@))
# environment
PAPERSIZE\tDEFAULT = a4
# environment
GDMSESSION = ubuntu
# environment
XMODIFIERS = @im=fcitx
# makefile
CURDIR := /home/host/riscv_spark
# makefile
SHELL = /bin/sh
# environment
VSCODE_NLS_CONFIG = {"locale":"zh-cn","availableLanguages":{"*":"zh-cn"},"_languagePackId":"85dc8b33bfa057e31dfd84e9a10f67e1.zh-cn","_translationsConfigFile":"/home/host/.config/Code/clp/85dc8b33bfa057e31dfd84e9a10f67e1.zh-cn/tcf.json","_cacheRoot":"/home/host/.config/Code/clp/85dc8b33bfa057e31dfd84e9a10f67e1.zh-cn","_resolvedLanguagePackCoreLocation":"/home/host/.config/Code/clp/85dc8b33bfa057e31dfd84e9a10f67e1.zh-cn/899d46d82c4c95423fb7e10e68eba52050e30ba3","_corruptedFile":"/home/host/.config/Code/clp/85dc8b33bfa057e31dfd84e9a10f67e1.zh-cn/corrupted.info","_languagePackSupport":true}
# environment
_ = /usr/bin/make
# environment
JOURNAL_STREAM = 8:63656
# environment
XDG_CONFIG_DIRS = /etc/xdg/xdg-ubuntu:/etc/xdg
# environment
LESSOPEN = | /usr/bin/lesspipe %s
# environment
SNPSYS_HOME = /opt/synopsys
# makefile
MAKEFILE_LIST := 
# automatic
@F = $(notdir $@)
# environment
NOVAS = /opt/synopsys/verdi201809/share/PLI/VCS/LINUX64
# environment
IM_CONFIG_PHASE = 1
# environment
USERNAME = host
# environment
MAKELEVEL := 0
# environment
DVE_HOME = /opt/synopsys/vcs201809/gui/dve
# environment
XDG_DATA_DIRS = /usr/share/ubuntu:/usr/local/share/:/usr/share/:/var/lib/snapd/desktop
# environment
DBUS_SESSION_BUS_ADDRESS = unix:path=/run/user/1000/bus,guid=06303b8ed2626d8fc18c699a62dab734
# environment
VSCODE_VERBOSE_LOGGING = true
# environment
MANAGERPID = 2029
# environment
CLUTTER_IM_MODULE = fcitx
# environment
VSCODE_IPC_HOOK_EXTHOST = /run/user/1000/vscode-ipc-8127c040-d79d-4f9f-8380-0d55d7f9819c.sock
# environment
LC_NAME = zh_CN.UTF-8
# environment
VSCODE_CWD = /home/host
# default
MAKE_HOST := x86_64-pc-linux-gnu
# environment
PATH = /opt/synopsys/vcs201809/gui/dve/bin:/usr/local/sbin:/usr/local/bin:/usr/sbin:/usr/bin:/sbin:/bin:/usr/games:/usr/local/games:/snap/bin:/opt/synopsys/verdi201809/bin:/opt/synopsys/verdi201809/platform/LINUX64/bin:/opt/synopsys/scl/v11.10/linux64/bin:/opt/synopsys/vcs201809/bin
# environment
LM_LICENSE_FILE = /opt/synopsys/Synopsys.dat
# environment
GPG_AGENT_INFO = /run/user/1000/gnupg/S.gpg-agent:0:1
# environment
LC_NAME\tDEFAULT = zh_CN.UTF-8
# environment
XDG_RUNTIME_DIR = /run/user/1000
# environment
XDG_MENU_PREFIX = gnome-
# environment
VSCODE_LOG_STACK = false
# environment
ELECTRON_RUN_AS_NODE = 1
# environment
INVOCATION_ID = 47a307754a1c4686b19297e6e7909763
# default
.FEATURES := target-specific order-only second-expansion else-if shortest-stem undefine oneshell archives jobserver output-sync check-symlink load
# environment
LS_COLORS = 
# environment
XDG_SESSION_DESKTOP = ubuntu
# environment
SSH_AUTH_SOCK = /run/user/1000/keyring/ssh
# environment
GIO_LAUNCHED_DESKTOP_FILE_PID = 49569
# automatic
%F = $(notdir $%)
# environment
DISPLAY = :0
# environment
LC_NUMERIC\tDEFAULT = zh_CN.UTF-8
# environment
GTK_IM_MODULE = fcitx
# environment
VSCODE_PIPE_LOGGING = true
# environment
VCS_HOME = /opt/synopsys/vcs201809
# environment
PWD = /home/host/riscv_spark
# default
.LOADED := 
# environment
SSH_AGENT_PID = 2203
# environment
ORIGINAL_XDG_CURRENT_DESKTOP = ubuntu:GNOME
# environment
VERDI_HOME = /opt/synopsys/verdi201809
# environment
GTK_MODULES = gail:atk-bridge
# environment
VSCODE_AMD_ENTRYPOINT = vs/workbench/services/extensions/node/extensionHostProcess
# environment
HOME = /home/host
# environment
LD_LIBRARY_PATH = /opt/synopsys/verdi201809/share/PLI/VCS/LINUX64:
# environment
LESSCLOSE = /usr/bin/lesspipe %s %s
# environment
VSCODE_CODE_CACHE_PATH = /home/host/.config/Code/CachedData/899d46d82c4c95423fb7e10e68eba52050e30ba3
# environment
LOGNAME = host
# environment
APPLICATION_INSIGHTS_NO_DIAGNOSTIC_CHANNEL = 1
# automatic
+F = $(notdir $+)
# environment
VSCODE_HANDLES_UNCAUGHT_ERRORS = true
# environment
GNOME_DESKTOP_SESSION_ID = this-is-deprecated
# automatic
^D = $(patsubst %/,%,$(dir $^))
# environment
XAUTHORITY = /run/user/1000/gdm/Xauthority
# environment
VCS_TARGET_ARCH = amd64
# environment
LC_TIME = zh_CN.UTF-8
# default
MAKE = $(MAKE_COMMAND)
# default
MAKECMDGOALS := all
# environment
QT_IM_MODULE = fcitx
# environment
VCS_ARCH_OVERRIDE = linux
# environment
SHLVL = 0
# environment
GNOME_SHELL_SESSION_MODE = ubuntu
# default
MAKE_VERSION := 4.2.1
# environment
USER = host
# environment
LC_TIME\tDEFAULT = zh_CN.UTF-8
# environment
LC_MONETARY = zh_CN.UTF-8
# makefile
.DEFAULT_GOAL := 
# environment
XDG_CURRENT_DESKTOP = Unity
# automatic
%D = $(patsubst %/,%,$(dir $%))
# environment
LC_TELEPHONE = zh_CN.UTF-8
# environment
LC_MONETARY\tDEFAULT = zh_CN.UTF-8
# environment
novas_args = -P /opt/synopsys/verdi201809/share/PLI/VCS/LINUX64/novas.tab   /opt/synopsys/verdi201809/share/PLI/VCS/LINUX64/pli.a 
# default
MAKE_COMMAND := make
# default
.VARIABLES := 
# automatic
*F = $(notdir $*)
# environment
LANGUAGE = zh_CN:zh:en_US:en
# environment
VSCODE_IPC_HOOK = /run/user/1000/vscode-8836f954-1.63.2-main.sock
# environment
LC_TELEPHONE\tDEFAULT = zh_CN.UTF-8
# makefile
MAKEFLAGS = pqrR
# environment
MFLAGS = -pqrR
# automatic
*D = $(patsubst %/,%,$(dir $*))
# environment
BREAKPAD_DUMP_LOCATION = /home/host/.config/Code/exthost Crash Reports
# automatic
+D = $(patsubst %/,%,$(dir $+))
# environment
GDK_BACKEND = x11
# environment
LANGUAGE\tDEFAULT = zh_CN:en
# environment
LC_PAPER = zh_CN.UTF-8
# environment
QT_ACCESSIBILITY = 1
# environment
NOVAS_PLI = /opt/synopsys/verdi201809/share/PLI/VCS/LINUX64
# environment
LC_PAPER\tDEFAULT = zh_CN.UTF-8
# default
MAKEFILES := 
# environment
LC_NUMERIC = zh_CN.UTF-8
# automatic
<F = $(notdir $<)
# environment
NOVAS_HOME = /opt/synopsys/verdi201809
# environment
LC_MEASUREMENT = zh_CN.UTF-8
# environment
LC_ALL = C
# environment
DBUS_STARTER_BUS_TYPE = session
# environment
VSCODE_CRASH_REPORTER_START_OPTIONS = {"companyName":"Microsoft","productName":"VSCode","submitURL":"appcenter://code?aid=fba07a4d-84bd-4fc8-a125-9640fc8ce171&uid=8895d6c5-9d1d-41dc-8eb3-aec8e6c57b37&iid=8895d6c5-9d1d-41dc-8eb3-aec8e6c57b37&sid=8895d6c5-9d1d-41dc-8eb3-aec8e6c57b37","uploadToServer":true}
# environment
QT4_IM_MODULE = fcitx
# environment
LC_MEASUREMENT\tDEFAULT = zh_CN.UTF-8
# automatic
^F = $(notdir $^)
# default
SUFFIXES := 
# environment
CHROME_DESKTOP = code-url-handler.desktop
# environment
WINDOWPATH = 2
# default
.INCLUDE_DIRS = /usr/include /usr/local/include /usr/include
# environment
LC_IDENTIFICATION = zh_CN.UTF-8
# default
.RECIPEPREFIX := 
# environment
LC_ADDRESS = zh_CN.UTF-8
# environment
GIO_LAUNCHED_DESKTOP_FILE = /usr/share/applications/code.desktop
# environment
LANG = C
# environment
VSCODE_PID = 49569
 
# environment
LC_IDENTIFICATION\tDEFAULT = zh_CN.UTF-8
# environment
DBUS_STARTER_ADDRESS = unix:path=/run/user/1000/bus,guid=06303b8ed2626d8fc18c699a62dab734
# environment
LC_ADDRESS\tDEFAULT = zh_CN.UTF-8
# variable set hash-table stats:
# Load=136/1024=13%, Rehash=0, Collisions=20/158=13%

# Pattern-specific Variable Values

# No pattern-specific variable values.

# Directories

# . (device 2054, inode 1577335): 16 files, no impossibilities.

# 16 files, no impossibilities in 1 directories.

# Implicit Rules

# No implicit rules.

# Files

# Not a target:
all:
#  Command line target.
#  Implicit rule search has been done.
#  File does not exist.
#  File has not been updated.

# Not a target:
Makefile:
#  Implicit rule search has been done.
#  File does not exist.
#  File has been updated.
#  Failed to be updated.

# Not a target:
makefile:
#  Implicit rule search has been done.
#  File does not exist.
#  File has been updated.
#  Failed to be updated.

# Not a target:
.DEFAULT:
#  Implicit rule search has not been done.
#  Modification time never checked.
#  File has not been updated.

# Not a target:
GNUmakefile:
#  Implicit rule search has been done.
#  File does not exist.
#  File has been updated.
#  Failed to be updated.

# files hash-table stats:
# Load=6/1024=1%, Rehash=0, Collisions=0/15=0%
# VPATH Search Paths

# No 'vpath' search paths.

# No general ('VPATH' variable) search path.

# strcache buffers: 1 (0) / strings = 24 / storage = 206 B / avg = 8 B
# current buf: size = 8162 B / used = 206 B / count = 24 / avg = 8 B

# strcache performance: lookups = 27 / hit rate = 11%
# hash-table stats:
# Load=24/8192=0%, Rehash=0, Collisions=1/27=4%
# Finished Make data base on Sat Jul 23 00:20:37 2022

 
