# Preference setting overrides
gui_create_pref_key -category {Globals} -key {load_detail_for_funcov} -value_type {bool} -value {false}

# State setting overrides
gui_state_default_create -off -ini
gui_set_state_value -category Globals -key recent_databases -value {{gui_open_db -file /home/lj/ic/riscv_soc/sims/vcs/vcdplus.vpd -design V1} {gui_open_db -file /home/lj/ic/riscv_soc/testbench/div/vcdplus.vpd -design V1} {gui_open_db -file /home/lj/riscv/sim_vcs/vcdplus.vpd -design V1} {gui_open_db -file /home/lj/chipyard/sims/vcs/vcdplus.vpd -design V1} {gui_open_db -file /home/lj/riscv/sim_vcs/tinyriscv_soc_tb.vcd -design V1}}
gui_set_state_value -category Layout -key child_console_size_x -value 1852
gui_set_state_value -category Layout -key child_console_size_y -value 413
gui_set_state_value -category Layout -key child_data_coltype -value 91
gui_set_state_value -category Layout -key child_data_colvalue -value 116
gui_set_state_value -category Layout -key child_data_colvariable -value 341
gui_set_state_value -category Layout -key child_data_size_x -value 552
gui_set_state_value -category Layout -key child_data_size_y -value 530
gui_set_state_value -category Layout -key child_driver_size_x -value 1556
gui_set_state_value -category Layout -key child_driver_size_y -value 414
gui_set_state_value -category Layout -key child_hier_col3 -value {-1}
gui_set_state_value -category Layout -key child_hier_colhier -value 324
gui_set_state_value -category Layout -key child_hier_colpd -value 0
gui_set_state_value -category Layout -key child_hier_coltype -value 62
gui_set_state_value -category Layout -key child_hier_size_x -value 390
gui_set_state_value -category Layout -key child_hier_size_y -value 530
gui_set_state_value -category Layout -key child_memory_docknewline -value false
gui_set_state_value -category Layout -key child_memory_pos_x -value {-2}
gui_set_state_value -category Layout -key child_memory_pos_y -value {-15}
gui_set_state_value -category Layout -key child_memory_size_x -value 891
gui_set_state_value -category Layout -key child_memory_size_y -value 520
gui_set_state_value -category Layout -key child_source_docknewline -value false
gui_set_state_value -category Layout -key child_source_pos_x -value {-2}
gui_set_state_value -category Layout -key child_source_pos_y -value {-15}
gui_set_state_value -category Layout -key child_source_size_x -value 913
gui_set_state_value -category Layout -key child_source_size_y -value 525
gui_set_state_value -category Layout -key child_wave_colname -value 205
gui_set_state_value -category Layout -key child_wave_colvalue -value 204
gui_set_state_value -category Layout -key child_wave_left -value 413
gui_set_state_value -category Layout -key child_wave_right -value 1007
gui_set_state_value -category Layout -key main_pos_x -value 0
gui_set_state_value -category Layout -key main_pos_y -value 28
gui_set_state_value -category Layout -key main_size_x -value 1852
gui_set_state_value -category Layout -key main_size_y -value 1052
gui_set_state_value -category Layout -key stand_wave_child_docknewline -value false
gui_set_state_value -category Layout -key stand_wave_child_pos_x -value {-2}
gui_set_state_value -category Layout -key stand_wave_child_pos_y -value {-15}
gui_set_state_value -category Layout -key stand_wave_child_size_x -value 1430
gui_set_state_value -category Layout -key stand_wave_child_size_y -value 505
gui_set_state_value -category Layout -key stand_wave_top_pos_x -value 435
gui_set_state_value -category Layout -key stand_wave_top_pos_y -value 419
gui_set_state_value -category Layout -key stand_wave_top_size_x -value 1860
gui_set_state_value -category Layout -key stand_wave_top_size_y -value 1036
gui_create_state_key -category FindDialog -key m_pMatchCase -value_type bool -value false
gui_create_state_key -category FindDialog -key m_pMatchWord -value_type bool -value false
gui_create_state_key -category FindDialog -key m_pUseCombo -value_type string -value {}
gui_create_state_key -category FindDialog -key m_pWrapAround -value_type bool -value true
gui_state_default_create -off

# Begin command logging
gui_open_db -file /home/lj/ic/riscv_soc/sims/vcs/vcdplus.vpd -design V1
gui_list_expand -id  Hier.1   soc_tb
gui_list_expand -id  Hier.1   soc_tb.u_soc_top
gui_list_select -id Hier.1 -current_item_name soc_tb.u_soc_top.u_rom -current_item_type Scope  -selected  { soc_tb.u_soc_top.u_rom   }
gui_list_select -id Data.1 -selected  { {soc_tb.u_soc_top.u_rom._rom[0:4095][31:0]}   }
gui_open_window Memory 
gui_show_memory -window Memory.1 -memory {soc_tb.u_soc_top.u_rom._rom[0:4095][31:0]} 
